2022-05-30 10:31:39.176  INFO 6340 --- [restartedMain] i.s.b.BatchServiceApplication            : Starting BatchServiceApplication using Java 11.0.12 on blackbox with PID 6340 (E:\dev\Velocity-System\batch-service\target\classes started by Ashis in e:\dev\Velocity-System\batch-service)
2022-05-30 10:31:39.185 DEBUG 6340 --- [restartedMain] i.s.b.BatchServiceApplication            : Running with Spring Boot v2.6.8, Spring v5.3.20
2022-05-30 10:31:39.186  INFO 6340 --- [restartedMain] i.s.b.BatchServiceApplication            : No active profile set, falling back to 1 default profile: "default"
2022-05-30 10:31:39.238  INFO 6340 --- [restartedMain] .e.DevToolsPropertyDefaultsPostProcessor : Devtools property defaults active! Set 'spring.devtools.add-properties' to 'false' to disable
2022-05-30 10:31:39.238  INFO 6340 --- [restartedMain] .e.DevToolsPropertyDefaultsPostProcessor : For additional web related logging consider setting the 'logging.level.web' property to 'DEBUG'
2022-05-30 10:31:40.171  INFO 6340 --- [restartedMain] .s.d.r.c.RepositoryConfigurationDelegate : Bootstrapping Spring Data MongoDB repositories in DEFAULT mode.
2022-05-30 10:31:40.269  INFO 6340 --- [restartedMain] .s.d.r.c.RepositoryConfigurationDelegate : Finished Spring Data repository scanning in 91 ms. Found 1 MongoDB repository interfaces.
2022-05-30 10:31:41.063  INFO 6340 --- [restartedMain] o.s.b.w.embedded.tomcat.TomcatWebServer  : Tomcat initialized with port(s): 8100 (http)
2022-05-30 10:31:41.079  INFO 6340 --- [restartedMain] o.apache.catalina.core.StandardService   : Starting service [Tomcat]
2022-05-30 10:31:41.081  INFO 6340 --- [restartedMain] org.apache.catalina.core.StandardEngine  : Starting Servlet engine: [Apache Tomcat/9.0.63]
2022-05-30 10:31:41.261  INFO 6340 --- [restartedMain] o.a.c.c.C.[Tomcat].[localhost].[/]       : Initializing Spring embedded WebApplicationContext
2022-05-30 10:31:41.261  INFO 6340 --- [restartedMain] w.s.c.ServletWebServerApplicationContext : Root WebApplicationContext: initialization completed in 2022 ms
2022-05-30 10:31:41.581  INFO 6340 --- [restartedMain] org.mongodb.driver.cluster               : Cluster created with settings {hosts=[localhost:27017], mode=SINGLE, requiredClusterType=UNKNOWN, serverSelectionTimeout='30000 ms'}
2022-05-30 10:31:41.736  INFO 6340 --- [cluster-rtt-ClusterId{value='62944fb56266fd7399914e44', description='null'}-localhost:27017] org.mongodb.driver.connection            : Opened connection [connectionId{localValue:1, serverValue:18}] to localhost:27017
2022-05-30 10:31:41.736  INFO 6340 --- [cluster-ClusterId{value='62944fb56266fd7399914e44', description='null'}-localhost:27017] org.mongodb.driver.connection            : Opened connection [connectionId{localValue:2, serverValue:19}] to localhost:27017
2022-05-30 10:31:41.742  INFO 6340 --- [cluster-ClusterId{value='62944fb56266fd7399914e44', description='null'}-localhost:27017] org.mongodb.driver.cluster               : Monitor thread successfully connected to server with description ServerDescription{address=localhost:27017, type=STANDALONE, state=CONNECTED, ok=true, minWireVersion=0, maxWireVersion=13, maxDocumentSize=16777216, logicalSessionTimeoutMinutes=30, roundTripTimeNanos=38829600}
2022-05-30 10:31:42.045  WARN 6340 --- [restartedMain] o.s.b.d.a.OptionalLiveReloadServer       : Unable to start LiveReload server
2022-05-30 10:31:42.643  INFO 6340 --- [restartedMain] o.s.b.w.embedded.tomcat.TomcatWebServer  : Tomcat started on port(s): 8100 (http) with context path ''
2022-05-30 10:31:42.655  INFO 6340 --- [restartedMain] i.s.b.BatchServiceApplication            : Started BatchServiceApplication in 3.943 seconds (JVM running for 5.474)
2022-05-30 10:31:55.967  INFO 6340 --- [http-nio-8100-exec-2] o.a.c.c.C.[Tomcat].[localhost].[/]       : Initializing Spring DispatcherServlet 'dispatcherServlet'
2022-05-30 10:31:56.071 DEBUG 6340 --- [http-nio-8100-exec-2] o.s.data.mongodb.core.MongoTemplate      : find using query: {} fields: Document{{}} for class: class in.stackroute.batchservice.domain.Batch in collection: batches
2022-05-30 10:31:56.159  INFO 6340 --- [http-nio-8100-exec-2] org.mongodb.driver.connection            : Opened connection [connectionId{localValue:3, serverValue:20}] to localhost:27017
2022-05-30 10:34:29.844 DEBUG 6340 --- [http-nio-8100-exec-5] o.s.web.client.RestTemplate              : HTTP GET http://localhost:8000/api/v1/learners/ids/62944ae2272f764571db5769,%2062944af3272f764571db576a
2022-05-30 10:34:29.847 DEBUG 6340 --- [http-nio-8100-exec-5] o.s.web.client.RestTemplate              : Accept=[application/json, application/*+json]
2022-05-30 10:34:29.894 DEBUG 6340 --- [http-nio-8100-exec-5] o.s.web.client.RestTemplate              : Response 200 OK
2022-05-30 10:34:29.896 DEBUG 6340 --- [http-nio-8100-exec-5] o.s.web.client.RestTemplate              : Reading to [in.stackroute.batchservice.domain.Student[]]
2022-05-30 10:34:29.901 DEBUG 6340 --- [http-nio-8100-exec-5] o.s.web.client.RestTemplate              : HTTP GET http://localhost:8200/api/v1/mentors/62944a614e8b4c23978470b1
2022-05-30 10:34:29.901 DEBUG 6340 --- [http-nio-8100-exec-5] o.s.web.client.RestTemplate              : Accept=[application/json, application/*+json]
2022-05-30 10:34:29.911 DEBUG 6340 --- [http-nio-8100-exec-5] o.s.web.client.RestTemplate              : Response 200 OK
2022-05-30 10:34:29.913 DEBUG 6340 --- [http-nio-8100-exec-5] o.s.web.client.RestTemplate              : Reading to [in.stackroute.batchservice.domain.Mentor]
2022-05-30 10:34:30.003 DEBUG 6340 --- [http-nio-8100-exec-5] o.s.data.mongodb.core.MongoTemplate      : Inserting Document containing fields: [code, description, startDate, endDate, status, students, mentor, _class] in collection: batches
2022-05-30 10:34:30.114 ERROR 6340 --- [http-nio-8100-exec-5] o.a.c.c.C.[.[.[/].[dispatcherServlet]    : Servlet.service() for servlet [dispatcherServlet] in context with path [] threw exception [Request processing failed; nested exception is org.springframework.http.converter.HttpMessageConversionException: Type definition error: [simple type, class in.stackroute.batchservice.domain.Mentor]; nested exception is com.fasterxml.jackson.databind.exc.InvalidDefinitionException: No serializer found for class in.stackroute.batchservice.domain.Mentor and no properties discovered to create BeanSerializer (to avoid exception, disable SerializationFeature.FAIL_ON_EMPTY_BEANS) (through reference chain: in.stackroute.batchservice.domain.Batch["mentor"])] with root cause

com.fasterxml.jackson.databind.exc.InvalidDefinitionException: No serializer found for class in.stackroute.batchservice.domain.Mentor and no properties discovered to create BeanSerializer (to avoid exception, disable SerializationFeature.FAIL_ON_EMPTY_BEANS) (through reference chain: in.stackroute.batchservice.domain.Batch["mentor"])
	at com.fasterxml.jackson.databind.exc.InvalidDefinitionException.from(InvalidDefinitionException.java:77) ~[jackson-databind-2.13.3.jar:2.13.3]
	at com.fasterxml.jackson.databind.SerializerProvider.reportBadDefinition(SerializerProvider.java:1300) ~[jackson-databind-2.13.3.jar:2.13.3]
	at com.fasterxml.jackson.databind.DatabindContext.reportBadDefinition(DatabindContext.java:400) ~[jackson-databind-2.13.3.jar:2.13.3]
	at com.fasterxml.jackson.databind.ser.impl.UnknownSerializer.failForEmpty(UnknownSerializer.java:46) ~[jackson-databind-2.13.3.jar:2.13.3]
	at com.fasterxml.jackson.databind.ser.impl.UnknownSerializer.serialize(UnknownSerializer.java:29) ~[jackson-databind-2.13.3.jar:2.13.3]
	at com.fasterxml.jackson.databind.ser.BeanPropertyWriter.serializeAsField(BeanPropertyWriter.java:728) ~[jackson-databind-2.13.3.jar:2.13.3]
	at com.fasterxml.jackson.databind.ser.std.BeanSerializerBase.serializeFields(BeanSerializerBase.java:774) ~[jackson-databind-2.13.3.jar:2.13.3]
	at com.fasterxml.jackson.databind.ser.BeanSerializer.serialize(BeanSerializer.java:178) ~[jackson-databind-2.13.3.jar:2.13.3]
	at com.fasterxml.jackson.databind.ser.DefaultSerializerProvider._serialize(DefaultSerializerProvider.java:480) ~[jackson-databind-2.13.3.jar:2.13.3]
	at com.fasterxml.jackson.databind.ser.DefaultSerializerProvider.serializeValue(DefaultSerializerProvider.java:319) ~[jackson-databind-2.13.3.jar:2.13.3]
	at com.fasterxml.jackson.databind.ObjectWriter$Prefetch.serialize(ObjectWriter.java:1518) ~[jackson-databind-2.13.3.jar:2.13.3]
	at com.fasterxml.jackson.databind.ObjectWriter.writeValue(ObjectWriter.java:1007) ~[jackson-databind-2.13.3.jar:2.13.3]
	at org.springframework.http.converter.json.AbstractJackson2HttpMessageConverter.writeInternal(AbstractJackson2HttpMessageConverter.java:456) ~[spring-web-5.3.20.jar:5.3.20]
	at org.springframework.http.converter.AbstractGenericHttpMessageConverter.write(AbstractGenericHttpMessageConverter.java:104) ~[spring-web-5.3.20.jar:5.3.20]
	at org.springframework.web.servlet.mvc.method.annotation.AbstractMessageConverterMethodProcessor.writeWithMessageConverters(AbstractMessageConverterMethodProcessor.java:290) ~[spring-webmvc-5.3.20.jar:5.3.20]
	at org.springframework.web.servlet.mvc.method.annotation.HttpEntityMethodProcessor.handleReturnValue(HttpEntityMethodProcessor.java:219) ~[spring-webmvc-5.3.20.jar:5.3.20]
	at org.springframework.web.method.support.HandlerMethodReturnValueHandlerComposite.handleReturnValue(HandlerMethodReturnValueHandlerComposite.java:78) ~[spring-web-5.3.20.jar:5.3.20]
	at org.springframework.web.servlet.mvc.method.annotation.ServletInvocableHandlerMethod.invokeAndHandle(ServletInvocableHandlerMethod.java:135) ~[spring-webmvc-5.3.20.jar:5.3.20]
	at org.springframework.web.servlet.mvc.method.annotation.RequestMappingHandlerAdapter.invokeHandlerMethod(RequestMappingHandlerAdapter.java:895) ~[spring-webmvc-5.3.20.jar:5.3.20]
	at org.springframework.web.servlet.mvc.method.annotation.RequestMappingHandlerAdapter.handleInternal(RequestMappingHandlerAdapter.java:808) ~[spring-webmvc-5.3.20.jar:5.3.20]
	at org.springframework.web.servlet.mvc.method.AbstractHandlerMethodAdapter.handle(AbstractHandlerMethodAdapter.java:87) ~[spring-webmvc-5.3.20.jar:5.3.20]
	at org.springframework.web.servlet.DispatcherServlet.doDispatch(DispatcherServlet.java:1067) ~[spring-webmvc-5.3.20.jar:5.3.20]
	at org.springframework.web.servlet.DispatcherServlet.doService(DispatcherServlet.java:963) ~[spring-webmvc-5.3.20.jar:5.3.20]
	at org.springframework.web.servlet.FrameworkServlet.processRequest(FrameworkServlet.java:1006) ~[spring-webmvc-5.3.20.jar:5.3.20]
	at org.springframework.web.servlet.FrameworkServlet.doPost(FrameworkServlet.java:909) ~[spring-webmvc-5.3.20.jar:5.3.20]
	at javax.servlet.http.HttpServlet.service(HttpServlet.java:681) ~[tomcat-embed-core-9.0.63.jar:4.0.FR]
	at org.springframework.web.servlet.FrameworkServlet.service(FrameworkServlet.java:883) ~[spring-webmvc-5.3.20.jar:5.3.20]
	at javax.servlet.http.HttpServlet.service(HttpServlet.java:764) ~[tomcat-embed-core-9.0.63.jar:4.0.FR]
	at org.apache.catalina.core.ApplicationFilterChain.internalDoFilter(ApplicationFilterChain.java:227) ~[tomcat-embed-core-9.0.63.jar:9.0.63]
	at org.apache.catalina.core.ApplicationFilterChain.doFilter(ApplicationFilterChain.java:162) ~[tomcat-embed-core-9.0.63.jar:9.0.63]
	at org.apache.tomcat.websocket.server.WsFilter.doFilter(WsFilter.java:53) ~[tomcat-embed-websocket-9.0.63.jar:9.0.63]
	at org.apache.catalina.core.ApplicationFilterChain.internalDoFilter(ApplicationFilterChain.java:189) ~[tomcat-embed-core-9.0.63.jar:9.0.63]
	at org.apache.catalina.core.ApplicationFilterChain.doFilter(ApplicationFilterChain.java:162) ~[tomcat-embed-core-9.0.63.jar:9.0.63]
	at org.springframework.web.filter.RequestContextFilter.doFilterInternal(RequestContextFilter.java:100) ~[spring-web-5.3.20.jar:5.3.20]
	at org.springframework.web.filter.OncePerRequestFilter.doFilter(OncePerRequestFilter.java:117) ~[spring-web-5.3.20.jar:5.3.20]
	at org.apache.catalina.core.ApplicationFilterChain.internalDoFilter(ApplicationFilterChain.java:189) ~[tomcat-embed-core-9.0.63.jar:9.0.63]
	at org.apache.catalina.core.ApplicationFilterChain.doFilter(ApplicationFilterChain.java:162) ~[tomcat-embed-core-9.0.63.jar:9.0.63]
	at org.springframework.web.filter.FormContentFilter.doFilterInternal(FormContentFilter.java:93) ~[spring-web-5.3.20.jar:5.3.20]
	at org.springframework.web.filter.OncePerRequestFilter.doFilter(OncePerRequestFilter.java:117) ~[spring-web-5.3.20.jar:5.3.20]
	at org.apache.catalina.core.ApplicationFilterChain.internalDoFilter(ApplicationFilterChain.java:189) ~[tomcat-embed-core-9.0.63.jar:9.0.63]
	at org.apache.catalina.core.ApplicationFilterChain.doFilter(ApplicationFilterChain.java:162) ~[tomcat-embed-core-9.0.63.jar:9.0.63]
	at org.springframework.web.filter.CharacterEncodingFilter.doFilterInternal(CharacterEncodingFilter.java:201) ~[spring-web-5.3.20.jar:5.3.20]
	at org.springframework.web.filter.OncePerRequestFilter.doFilter(OncePerRequestFilter.java:117) ~[spring-web-5.3.20.jar:5.3.20]
	at org.apache.catalina.core.ApplicationFilterChain.internalDoFilter(ApplicationFilterChain.java:189) ~[tomcat-embed-core-9.0.63.jar:9.0.63]
	at org.apache.catalina.core.ApplicationFilterChain.doFilter(ApplicationFilterChain.java:162) ~[tomcat-embed-core-9.0.63.jar:9.0.63]
	at org.apache.catalina.core.StandardWrapperValve.invoke(StandardWrapperValve.java:197) ~[tomcat-embed-core-9.0.63.jar:9.0.63]
	at org.apache.catalina.core.StandardContextValve.invoke(StandardContextValve.java:97) ~[tomcat-embed-core-9.0.63.jar:9.0.63]
	at org.apache.catalina.authenticator.AuthenticatorBase.invoke(AuthenticatorBase.java:541) ~[tomcat-embed-core-9.0.63.jar:9.0.63]
	at org.apache.catalina.core.StandardHostValve.invoke(StandardHostValve.java:135) ~[tomcat-embed-core-9.0.63.jar:9.0.63]
	at org.apache.catalina.valves.ErrorReportValve.invoke(ErrorReportValve.java:92) ~[tomcat-embed-core-9.0.63.jar:9.0.63]
	at org.apache.catalina.core.StandardEngineValve.invoke(StandardEngineValve.java:78) ~[tomcat-embed-core-9.0.63.jar:9.0.63]
	at org.apache.catalina.connector.CoyoteAdapter.service(CoyoteAdapter.java:360) ~[tomcat-embed-core-9.0.63.jar:9.0.63]
	at org.apache.coyote.http11.Http11Processor.service(Http11Processor.java:399) ~[tomcat-embed-core-9.0.63.jar:9.0.63]
	at org.apache.coyote.AbstractProcessorLight.process(AbstractProcessorLight.java:65) ~[tomcat-embed-core-9.0.63.jar:9.0.63]
	at org.apache.coyote.AbstractProtocol$ConnectionHandler.process(AbstractProtocol.java:890) ~[tomcat-embed-core-9.0.63.jar:9.0.63]
	at org.apache.tomcat.util.net.NioEndpoint$SocketProcessor.doRun(NioEndpoint.java:1743) ~[tomcat-embed-core-9.0.63.jar:9.0.63]
	at org.apache.tomcat.util.net.SocketProcessorBase.run(SocketProcessorBase.java:49) ~[tomcat-embed-core-9.0.63.jar:9.0.63]
	at org.apache.tomcat.util.threads.ThreadPoolExecutor.runWorker(ThreadPoolExecutor.java:1191) ~[tomcat-embed-core-9.0.63.jar:9.0.63]
	at org.apache.tomcat.util.threads.ThreadPoolExecutor$Worker.run(ThreadPoolExecutor.java:659) ~[tomcat-embed-core-9.0.63.jar:9.0.63]
	at org.apache.tomcat.util.threads.TaskThread$WrappingRunnable.run(TaskThread.java:61) ~[tomcat-embed-core-9.0.63.jar:9.0.63]
	at java.base/java.lang.Thread.run(Thread.java:834) ~[na:na]

2022-05-30 10:35:49.110  INFO 6340 --- [restartedMain] i.s.b.BatchServiceApplication            : Starting BatchServiceApplication using Java 11.0.12 on blackbox with PID 6340 (E:\dev\Velocity-System\batch-service\target\classes started by Ashis in e:\dev\Velocity-System\batch-service)
2022-05-30 10:35:49.110 DEBUG 6340 --- [restartedMain] i.s.b.BatchServiceApplication            : Running with Spring Boot v2.6.8, Spring v5.3.20
2022-05-30 10:35:49.110  INFO 6340 --- [restartedMain] i.s.b.BatchServiceApplication            : No active profile set, falling back to 1 default profile: "default"
2022-05-30 10:35:49.400  INFO 6340 --- [restartedMain] .s.d.r.c.RepositoryConfigurationDelegate : Bootstrapping Spring Data MongoDB repositories in DEFAULT mode.
2022-05-30 10:35:49.412  INFO 6340 --- [restartedMain] .s.d.r.c.RepositoryConfigurationDelegate : Finished Spring Data repository scanning in 11 ms. Found 1 MongoDB repository interfaces.
2022-05-30 10:35:49.474  INFO 6340 --- [restartedMain] o.s.b.w.embedded.tomcat.TomcatWebServer  : Tomcat initialized with port(s): 8100 (http)
2022-05-30 10:35:49.475  INFO 6340 --- [restartedMain] o.apache.catalina.core.StandardService   : Starting service [Tomcat]
2022-05-30 10:35:49.476  INFO 6340 --- [restartedMain] org.apache.catalina.core.StandardEngine  : Starting Servlet engine: [Apache Tomcat/9.0.63]
2022-05-30 10:35:49.495  INFO 6340 --- [restartedMain] o.a.c.c.C.[Tomcat].[localhost].[/]       : Initializing Spring embedded WebApplicationContext
2022-05-30 10:35:49.495  INFO 6340 --- [restartedMain] w.s.c.ServletWebServerApplicationContext : Root WebApplicationContext: initialization completed in 379 ms
2022-05-30 10:35:49.510  INFO 6340 --- [restartedMain] org.mongodb.driver.cluster               : Cluster created with settings {hosts=[localhost:27017], mode=SINGLE, requiredClusterType=UNKNOWN, serverSelectionTimeout='30000 ms'}
2022-05-30 10:35:49.514  INFO 6340 --- [cluster-rtt-ClusterId{value='629450ad6266fd7399914e46', description='null'}-localhost:27017] org.mongodb.driver.connection            : Opened connection [connectionId{localValue:5, serverValue:21}] to localhost:27017
2022-05-30 10:35:49.517  INFO 6340 --- [cluster-ClusterId{value='629450ad6266fd7399914e46', description='null'}-localhost:27017] org.mongodb.driver.connection            : Opened connection [connectionId{localValue:4, serverValue:22}] to localhost:27017
2022-05-30 10:35:49.518  INFO 6340 --- [cluster-ClusterId{value='629450ad6266fd7399914e46', description='null'}-localhost:27017] org.mongodb.driver.cluster               : Monitor thread successfully connected to server with description ServerDescription{address=localhost:27017, type=STANDALONE, state=CONNECTED, ok=true, minWireVersion=0, maxWireVersion=13, maxDocumentSize=16777216, logicalSessionTimeoutMinutes=30, roundTripTimeNanos=4699200}
2022-05-30 10:35:49.561  WARN 6340 --- [restartedMain] o.s.b.d.a.OptionalLiveReloadServer       : Unable to start LiveReload server
2022-05-30 10:35:49.768  INFO 6340 --- [restartedMain] o.s.b.w.embedded.tomcat.TomcatWebServer  : Tomcat started on port(s): 8100 (http) with context path ''
2022-05-30 10:35:49.774  INFO 6340 --- [restartedMain] i.s.b.BatchServiceApplication            : Started BatchServiceApplication in 0.72 seconds (JVM running for 252.594)
2022-05-30 10:35:49.777  INFO 6340 --- [restartedMain] .ConditionEvaluationDeltaLoggingListener : Condition evaluation unchanged
2022-05-30 10:36:06.832  INFO 6340 --- [http-nio-8100-exec-2] o.a.c.c.C.[Tomcat].[localhost].[/]       : Initializing Spring DispatcherServlet 'dispatcherServlet'
2022-05-30 10:36:06.840 DEBUG 6340 --- [http-nio-8100-exec-2] o.s.web.client.RestTemplate              : HTTP GET http://localhost:8000/api/v1/learners/ids/62944ae2272f764571db5769,%2062944af3272f764571db576a
2022-05-30 10:36:06.840 DEBUG 6340 --- [http-nio-8100-exec-2] o.s.web.client.RestTemplate              : Accept=[application/json, application/*+json]
2022-05-30 10:36:06.853 DEBUG 6340 --- [http-nio-8100-exec-2] o.s.web.client.RestTemplate              : Response 200 OK
2022-05-30 10:36:06.856 DEBUG 6340 --- [http-nio-8100-exec-2] o.s.web.client.RestTemplate              : Reading to [in.stackroute.batchservice.domain.Student[]]
2022-05-30 10:36:06.865 DEBUG 6340 --- [http-nio-8100-exec-2] o.s.web.client.RestTemplate              : HTTP GET http://localhost:8200/api/v1/mentors/62944a614e8b4c23978470b1
2022-05-30 10:36:06.866 DEBUG 6340 --- [http-nio-8100-exec-2] o.s.web.client.RestTemplate              : Accept=[application/json, application/*+json]
2022-05-30 10:36:06.875 DEBUG 6340 --- [http-nio-8100-exec-2] o.s.web.client.RestTemplate              : Response 200 OK
2022-05-30 10:36:06.875 DEBUG 6340 --- [http-nio-8100-exec-2] o.s.web.client.RestTemplate              : Reading to [in.stackroute.batchservice.domain.Mentor]
2022-05-30 10:36:06.892 DEBUG 6340 --- [http-nio-8100-exec-2] o.s.data.mongodb.core.MongoTemplate      : Inserting Document containing fields: [code, description, startDate, endDate, status, students, mentor, _class] in collection: batches
2022-05-30 10:36:06.896  INFO 6340 --- [http-nio-8100-exec-2] org.mongodb.driver.connection            : Opened connection [connectionId{localValue:6, serverValue:23}] to localhost:27017
2022-05-30 10:37:18.827  INFO 6340 --- [restartedMain] i.s.b.BatchServiceApplication            : Starting BatchServiceApplication using Java 11.0.12 on blackbox with PID 6340 (E:\dev\Velocity-System\batch-service\target\classes started by Ashis in e:\dev\Velocity-System\batch-service)
2022-05-30 10:37:18.827 DEBUG 6340 --- [restartedMain] i.s.b.BatchServiceApplication            : Running with Spring Boot v2.6.8, Spring v5.3.20
2022-05-30 10:37:18.827  INFO 6340 --- [restartedMain] i.s.b.BatchServiceApplication            : No active profile set, falling back to 1 default profile: "default"
2022-05-30 10:37:19.017  INFO 6340 --- [restartedMain] .s.d.r.c.RepositoryConfigurationDelegate : Bootstrapping Spring Data MongoDB repositories in DEFAULT mode.
2022-05-30 10:37:19.031  INFO 6340 --- [restartedMain] .s.d.r.c.RepositoryConfigurationDelegate : Finished Spring Data repository scanning in 13 ms. Found 1 MongoDB repository interfaces.
2022-05-30 10:37:19.197  INFO 6340 --- [restartedMain] o.s.b.w.embedded.tomcat.TomcatWebServer  : Tomcat initialized with port(s): 8100 (http)
2022-05-30 10:37:19.203  INFO 6340 --- [restartedMain] o.apache.catalina.core.StandardService   : Starting service [Tomcat]
2022-05-30 10:37:19.204  INFO 6340 --- [restartedMain] org.apache.catalina.core.StandardEngine  : Starting Servlet engine: [Apache Tomcat/9.0.63]
2022-05-30 10:37:19.236  INFO 6340 --- [restartedMain] o.a.c.c.C.[Tomcat].[localhost].[/]       : Initializing Spring embedded WebApplicationContext
2022-05-30 10:37:19.237  INFO 6340 --- [restartedMain] w.s.c.ServletWebServerApplicationContext : Root WebApplicationContext: initialization completed in 407 ms
2022-05-30 10:37:19.270  INFO 6340 --- [restartedMain] org.mongodb.driver.cluster               : Cluster created with settings {hosts=[localhost:27017], mode=SINGLE, requiredClusterType=UNKNOWN, serverSelectionTimeout='30000 ms'}
2022-05-30 10:37:19.284  INFO 6340 --- [cluster-rtt-ClusterId{value='629451076266fd7399914e48', description='null'}-localhost:27017] org.mongodb.driver.connection            : Opened connection [connectionId{localValue:8, serverValue:24}] to localhost:27017
2022-05-30 10:37:19.285  INFO 6340 --- [cluster-ClusterId{value='629451076266fd7399914e48', description='null'}-localhost:27017] org.mongodb.driver.connection            : Opened connection [connectionId{localValue:7, serverValue:25}] to localhost:27017
2022-05-30 10:37:19.290  INFO 6340 --- [cluster-ClusterId{value='629451076266fd7399914e48', description='null'}-localhost:27017] org.mongodb.driver.cluster               : Monitor thread successfully connected to server with description ServerDescription{address=localhost:27017, type=STANDALONE, state=CONNECTED, ok=true, minWireVersion=0, maxWireVersion=13, maxDocumentSize=16777216, logicalSessionTimeoutMinutes=30, roundTripTimeNanos=3507600}
2022-05-30 10:37:19.328  WARN 6340 --- [restartedMain] o.s.b.d.a.OptionalLiveReloadServer       : Unable to start LiveReload server
2022-05-30 10:37:19.604  INFO 6340 --- [restartedMain] o.s.b.w.embedded.tomcat.TomcatWebServer  : Tomcat started on port(s): 8100 (http) with context path ''
2022-05-30 10:37:19.609  INFO 6340 --- [restartedMain] i.s.b.BatchServiceApplication            : Started BatchServiceApplication in 0.817 seconds (JVM running for 342.428)
2022-05-30 10:37:19.611  INFO 6340 --- [restartedMain] .ConditionEvaluationDeltaLoggingListener : Condition evaluation unchanged
2022-05-30 10:37:25.478  INFO 6340 --- [http-nio-8100-exec-2] o.a.c.c.C.[Tomcat].[localhost].[/]       : Initializing Spring DispatcherServlet 'dispatcherServlet'
2022-05-30 10:37:25.489 DEBUG 6340 --- [http-nio-8100-exec-2] o.s.web.client.RestTemplate              : HTTP GET http://localhost:8000/api/v1/learners/ids/62944ae2272f764571db5769,%2062944af3272f764571db576a
2022-05-30 10:37:25.489 DEBUG 6340 --- [http-nio-8100-exec-2] o.s.web.client.RestTemplate              : Accept=[application/json, application/*+json]
2022-05-30 10:37:25.497 DEBUG 6340 --- [http-nio-8100-exec-2] o.s.web.client.RestTemplate              : Response 200 OK
2022-05-30 10:37:25.498 DEBUG 6340 --- [http-nio-8100-exec-2] o.s.web.client.RestTemplate              : Reading to [in.stackroute.batchservice.domain.Student[]]
2022-05-30 10:37:25.500 DEBUG 6340 --- [http-nio-8100-exec-2] o.s.web.client.RestTemplate              : HTTP GET http://localhost:8200/api/v1/mentors/62944a614e8b4c23978470b1
2022-05-30 10:37:25.501 DEBUG 6340 --- [http-nio-8100-exec-2] o.s.web.client.RestTemplate              : Accept=[application/json, application/*+json]
2022-05-30 10:37:25.509 DEBUG 6340 --- [http-nio-8100-exec-2] o.s.web.client.RestTemplate              : Response 200 OK
2022-05-30 10:37:25.509 DEBUG 6340 --- [http-nio-8100-exec-2] o.s.web.client.RestTemplate              : Reading to [in.stackroute.batchservice.domain.Mentor]
2022-05-30 10:37:25.540 DEBUG 6340 --- [http-nio-8100-exec-2] o.s.data.mongodb.core.MongoTemplate      : Inserting Document containing fields: [code, description, startDate, endDate, status, students, mentor, _class] in collection: batches
2022-05-30 10:37:25.543  INFO 6340 --- [http-nio-8100-exec-2] org.mongodb.driver.connection            : Opened connection [connectionId{localValue:9, serverValue:26}] to localhost:27017
