2022-05-30 10:10:40.090  INFO 4660 --- [restartedMain] i.s.l.LearnerServiceApplication          : Starting LearnerServiceApplication using Java 11.0.12 on blackbox with PID 4660 (E:\dev\Velocity-System\learner-service\target\classes started by Ashis in e:\dev\Velocity-System\learner-service)
2022-05-30 10:10:40.104 DEBUG 4660 --- [restartedMain] i.s.l.LearnerServiceApplication          : Running with Spring Boot v2.6.8, Spring v5.3.20
2022-05-30 10:10:40.105  INFO 4660 --- [restartedMain] i.s.l.LearnerServiceApplication          : No active profile set, falling back to 1 default profile: "default"
2022-05-30 10:10:40.243  INFO 4660 --- [restartedMain] .e.DevToolsPropertyDefaultsPostProcessor : Devtools property defaults active! Set 'spring.devtools.add-properties' to 'false' to disable
2022-05-30 10:10:40.244  INFO 4660 --- [restartedMain] .e.DevToolsPropertyDefaultsPostProcessor : For additional web related logging consider setting the 'logging.level.web' property to 'DEBUG'
2022-05-30 10:10:41.514  INFO 4660 --- [restartedMain] .s.d.r.c.RepositoryConfigurationDelegate : Bootstrapping Spring Data MongoDB repositories in DEFAULT mode.
2022-05-30 10:10:41.586  INFO 4660 --- [restartedMain] .s.d.r.c.RepositoryConfigurationDelegate : Finished Spring Data repository scanning in 64 ms. Found 1 MongoDB repository interfaces.
2022-05-30 10:10:42.309  INFO 4660 --- [restartedMain] o.s.b.w.embedded.tomcat.TomcatWebServer  : Tomcat initialized with port(s): 8000 (http)
2022-05-30 10:10:42.325  INFO 4660 --- [restartedMain] o.apache.catalina.core.StandardService   : Starting service [Tomcat]
2022-05-30 10:10:42.325  INFO 4660 --- [restartedMain] org.apache.catalina.core.StandardEngine  : Starting Servlet engine: [Apache Tomcat/9.0.63]
2022-05-30 10:10:42.398  INFO 4660 --- [restartedMain] o.a.c.c.C.[Tomcat].[localhost].[/]       : Initializing Spring embedded WebApplicationContext
2022-05-30 10:10:42.399  INFO 4660 --- [restartedMain] w.s.c.ServletWebServerApplicationContext : Root WebApplicationContext: initialization completed in 2153 ms
2022-05-30 10:10:42.564  INFO 4660 --- [restartedMain] org.mongodb.driver.cluster               : Cluster created with settings {hosts=[localhost:27017], mode=SINGLE, requiredClusterType=UNKNOWN, serverSelectionTimeout='30000 ms'}
2022-05-30 10:10:42.639  INFO 4660 --- [cluster-rtt-ClusterId{value='62944aca272f764571db5768', description='null'}-localhost:27017] org.mongodb.driver.connection            : Opened connection [connectionId{localValue:2, serverValue:15}] to localhost:27017
2022-05-30 10:10:42.639  INFO 4660 --- [cluster-ClusterId{value='62944aca272f764571db5768', description='null'}-localhost:27017] org.mongodb.driver.connection            : Opened connection [connectionId{localValue:1, serverValue:14}] to localhost:27017
2022-05-30 10:10:42.642  INFO 4660 --- [cluster-ClusterId{value='62944aca272f764571db5768', description='null'}-localhost:27017] org.mongodb.driver.cluster               : Monitor thread successfully connected to server with description ServerDescription{address=localhost:27017, type=STANDALONE, state=CONNECTED, ok=true, minWireVersion=0, maxWireVersion=13, maxDocumentSize=16777216, logicalSessionTimeoutMinutes=30, roundTripTimeNanos=22626400}
2022-05-30 10:10:42.778  WARN 4660 --- [restartedMain] o.s.b.d.a.OptionalLiveReloadServer       : Unable to start LiveReload server
2022-05-30 10:10:43.399  INFO 4660 --- [restartedMain] o.s.b.w.embedded.tomcat.TomcatWebServer  : Tomcat started on port(s): 8000 (http) with context path ''
2022-05-30 10:10:43.408  INFO 4660 --- [restartedMain] i.s.l.LearnerServiceApplication          : Started LearnerServiceApplication in 4.184 seconds (JVM running for 5.558)
2022-05-30 10:11:06.300  INFO 4660 --- [http-nio-8000-exec-2] o.a.c.c.C.[Tomcat].[localhost].[/]       : Initializing Spring DispatcherServlet 'dispatcherServlet'
2022-05-30 10:11:06.536 DEBUG 4660 --- [http-nio-8000-exec-2] o.s.data.mongodb.core.MongoTemplate      : Inserting Document containing fields: [name, email, address, phoneNumber, _class] in collection: learners
2022-05-30 10:11:06.601  INFO 4660 --- [http-nio-8000-exec-2] org.mongodb.driver.connection            : Opened connection [connectionId{localValue:3, serverValue:16}] to localhost:27017
2022-05-30 10:11:23.421 DEBUG 4660 --- [http-nio-8000-exec-3] o.s.data.mongodb.core.MongoTemplate      : Inserting Document containing fields: [name, email, address, phoneNumber, _class] in collection: learners
2022-05-30 10:11:28.414 DEBUG 4660 --- [http-nio-8000-exec-4] o.s.data.mongodb.core.MongoTemplate      : find using query: {} fields: Document{{}} for class: class in.stackroute.learnerservice.domain.Learner in collection: learners
2022-05-30 10:11:38.019 DEBUG 4660 --- [http-nio-8000-exec-5] o.s.data.mongodb.core.MongoTemplate      : findOne using query: { "id" : "62944af3272f764571db576a"} fields: Document{{}} for class: class in.stackroute.learnerservice.domain.Learner in collection: learners
2022-05-30 10:11:38.021 DEBUG 4660 --- [http-nio-8000-exec-5] o.s.data.mongodb.core.MongoTemplate      : findOne using query: { "_id" : { "$oid" : "62944af3272f764571db576a"}} fields: {} in db.collection: lms_learners.learners
2022-05-30 10:34:29.876 DEBUG 4660 --- [http-nio-8000-exec-7] o.s.data.mongodb.core.MongoTemplate      : find using query: { "_id" : { "$in" : [{ "$oid" : "62944ae2272f764571db5769"}, { "$oid" : "62944af3272f764571db576a"}]}} fields: Document{{}} for class: class in.stackroute.learnerservice.domain.Learner in collection: learners
2022-05-30 10:36:06.846 DEBUG 4660 --- [http-nio-8000-exec-9] o.s.data.mongodb.core.MongoTemplate      : find using query: { "_id" : { "$in" : [{ "$oid" : "62944ae2272f764571db5769"}, { "$oid" : "62944af3272f764571db576a"}]}} fields: Document{{}} for class: class in.stackroute.learnerservice.domain.Learner in collection: learners
2022-05-30 10:37:25.493 DEBUG 4660 --- [http-nio-8000-exec-1] o.s.data.mongodb.core.MongoTemplate      : find using query: { "_id" : { "$in" : [{ "$oid" : "62944ae2272f764571db5769"}, { "$oid" : "62944af3272f764571db576a"}]}} fields: Document{{}} for class: class in.stackroute.learnerservice.domain.Learner in collection: learners
